<?xml version="1.0" encoding="UTF-8"?>
<!-- Generated by org.testng.reporters.JUnitReportReporter -->
<testsuite hostname="LAPTOP-ICTMBUGP" failures="0" tests="1" name="com.ahm.testcases.TestCase_physio_CreateAppointment" time="12.502" errors="0" timestamp="2024-02-02T14:16:30 IST" skipped="0">
  <testcase classname="com.ahm.testcases.TestCase_physio_CreateAppointment" name="create_NewAppointment_offline" time="12.502"/>
  <system-out/>
</testsuite> <!-- com.ahm.testcases.TestCase_physio_CreateAppointment -->
