<?xml version="1.0" encoding="UTF-8"?>
<!-- Generated by org.testng.reporters.JUnitReportReporter -->
<testsuite hostname="LAPTOP-ICTMBUGP" failures="0" tests="1" name="com.ahm.testcases.TestCase_Physio_PhysicalHealthChallenge_CreateTest" time="90.528" errors="0" timestamp="2024-02-06T18:41:53 IST" skipped="0">
  <testcase classname="com.ahm.testcases.TestCase_Physio_PhysicalHealthChallenge_CreateTest" name="physicalhealthChallenge_createNewTest" time="90.528"/>
  <system-out/>
</testsuite> <!-- com.ahm.testcases.TestCase_Physio_PhysicalHealthChallenge_CreateTest -->
