<?xml version="1.0" encoding="UTF-8"?>
<!-- Generated by org.testng.reporters.JUnitReportReporter -->
<testsuite hostname="LAPTOP-ICTMBUGP" failures="0" tests="1" name="com.ahm.testcases.TestCase_Register_Athlete" time="4.683" errors="0" timestamp="2024-02-02T10:25:11 IST" skipped="0">
  <testcase classname="com.ahm.testcases.TestCase_Register_Athlete" name="register_athlete" time="4.683"/>
  <system-out/>
</testsuite> <!-- com.ahm.testcases.TestCase_Register_Athlete -->
