<?xml version="1.0" encoding="UTF-8"?>
<!-- Generated by org.testng.reporters.JUnitReportReporter -->
<testsuite hostname="LAPTOP-ICTMBUGP" failures="0" tests="1" name="com.ahm.testcases.TestCase_physio_BrainHealthChallenge_CreateTest" time="14.939" errors="0" timestamp="2024-02-02T14:18:40 IST" skipped="0">
  <testcase classname="com.ahm.testcases.TestCase_physio_BrainHealthChallenge_CreateTest" name="brainhealthChallenge_createNewTest" time="14.939"/>
  <system-out/>
</testsuite> <!-- com.ahm.testcases.TestCase_physio_BrainHealthChallenge_CreateTest -->
