<?xml version="1.0" encoding="UTF-8"?>
<!-- Generated by org.testng.reporters.JUnitReportReporter -->
<testsuite hostname="LAPTOP-ICTMBUGP" failures="0" tests="1" name="com.ahm.testcases.AddInjury_Questions" time="13.190" errors="0" timestamp="2024-02-07T10:35:02 IST" skipped="0">
  <testcase classname="com.ahm.testcases.AddInjury_Questions" name="add_Injury_Question" time="13.190"/>
  <system-out/>
</testsuite> <!-- com.ahm.testcases.AddInjury_Questions -->
