<?xml version="1.0" encoding="UTF-8"?>
<!-- Generated by org.testng.reporters.JUnitReportReporter -->
<testsuite hostname="LAPTOP-ICTMBUGP" failures="0" tests="1" name="com.ahm.testcases.TestCase_CreateInjuryReport" time="15.242" errors="0" timestamp="2024-01-30T11:37:49 IST" skipped="0">
  <testcase classname="com.ahm.testcases.TestCase_CreateInjuryReport" name="create_injuryReport" time="15.242"/>
  <system-out/>
</testsuite> <!-- com.ahm.testcases.TestCase_CreateInjuryReport -->
