<?xml version="1.0" encoding="UTF-8"?>
<!-- Generated by org.testng.reporters.JUnitReportReporter -->
<testsuite hostname="LAPTOP-ICTMBUGP" failures="0" tests="1" name="com.ahm.testcases.TestCase_athlete_CreateAppointment" time="15.738" errors="0" timestamp="2024-02-05T14:19:00 IST" skipped="0">
  <testcase classname="com.ahm.testcases.TestCase_athlete_CreateAppointment" name="athlete_Create_Online_NewAppointment" time="15.738"/>
  <system-out/>
</testsuite> <!-- com.ahm.testcases.TestCase_athlete_CreateAppointment -->
